TkOBlock 1 1
TkInt 2 5
TkId("min") 2 9
TkComma 2 12
TkId("max") 2 14
TkSemicolon 2 17
TkFunction 3 5
TkOBracket 3 13
TkSoForth 3 14
TkNum(2) 3 16
TkCBracket 3 17
TkId("F") 3 19
TkSemicolon 3 20
TkIf 4 5
TkId("F") 4 8
TkApp 4 9
TkNum(0) 4 10
TkLess 4 12
TkId("F") 4 14
TkApp 4 15
TkNum(1) 4 16
TkAnd 4 18
TkId("F") 4 22
TkApp 4 23
TkNum(1) 4 24
TkLess 4 26
TkId("F") 4 28
TkApp 4 29
TkNum(2) 4 30
TkArrow 4 32
TkId("min") 5 8
TkAsig 5 12
TkId("F") 5 15
TkApp 5 16
TkNum(0) 5 17
TkSemicolon 5 18
TkId("max") 6 8
TkAsig 6 12
TkId("F") 6 15
TkApp 6 16
TkNum(2) 6 17
TkGuard 7 5
TkId("F") 7 8
TkApp 7 9
TkNum(0) 7 10
TkLess 7 12
TkId("F") 7 14
TkApp 7 15
TkNum(2) 7 16
TkAnd 7 18
TkId("F") 7 22
TkApp 7 23
TkNum(2) 7 24
TkLess 7 26
TkId("F") 7 28
TkApp 7 29
TkNum(1) 7 30
TkArrow 7 32
TkId("min") 8 8
TkAsig 8 12
TkId("F") 8 15
TkApp 8 16
TkNum(0) 8 17
TkSemicolon 8 18
TkId("max") 9 8
TkAsig 9 12
TkId("F") 9 15
TkApp 9 16
TkNum(1) 9 17
TkGuard 10 5
TkId("F") 10 8
TkApp 10 9
TkNum(1) 10 10
TkLess 10 12
TkId("F") 10 14
TkApp 10 15
TkNum(0) 10 16
TkAnd 10 18
TkId("F") 10 22
TkApp 10 23
TkNum(0) 10 24
TkLess 10 26
TkId("F") 10 28
TkApp 10 29
TkNum(2) 10 30
TkArrow 10 32
TkId("min") 11 8
TkAsig 11 12
TkId("F") 11 15
TkApp 11 16
TkNum(1) 11 17
TkSemicolon 11 18
TkId("max") 12 8
TkAsig 12 12
TkId("F") 12 15
TkApp 12 16
TkNum(2) 12 17
TkGuard 13 5
TkId("F") 13 8
TkApp 13 9
TkNum(1) 13 10
TkLess 13 12
TkId("F") 13 14
TkApp 13 15
TkNum(2) 13 16
TkAnd 13 18
TkId("F") 13 22
TkApp 13 23
TkNum(2) 13 24
TkLess 13 26
TkId("F") 13 28
TkApp 13 29
TkNum(0) 13 30
TkArrow 13 32
TkId("min") 14 8
TkAsig 14 12
TkId("F") 14 15
TkApp 14 16
TkNum(1) 14 17
TkSemicolon 14 18
TkId("max") 15 8
TkAsig 15 12
TkId("F") 15 15
TkApp 15 16
TkNum(0) 15 17
TkGuard 16 5
TkId("F") 16 8
TkApp 16 9
TkNum(2) 16 10
TkLess 16 12
TkId("F") 16 14
TkApp 16 15
TkNum(0) 16 16
TkAnd 16 18
TkId("F") 16 22
TkApp 16 23
TkNum(0) 16 24
TkLess 16 26
TkId("F") 16 28
TkApp 16 29
TkNum(1) 16 30
TkArrow 16 32
TkId("min") 17 8
TkAsig 17 12
TkId("F") 17 15
TkApp 17 16
TkNum(2) 17 17
TkSemicolon 17 18
TkId("max") 18 8
TkAsig 18 12
TkId("F") 18 15
TkApp 18 16
TkNum(1) 18 17
TkGuard 19 5
TkId("F") 19 8
TkApp 19 9
TkNum(2) 19 10
TkLess 19 12
TkId("F") 19 14
TkApp 19 15
TkNum(1) 19 16
TkAnd 19 18
TkId("F") 19 22
TkApp 19 23
TkNum(1) 19 24
TkLess 19 26
TkId("F") 19 28
TkApp 19 29
TkNum(0) 19 30
TkArrow 19 32
TkId("min") 20 8
TkAsig 20 12
TkId("F") 20 15
TkApp 20 16
TkNum(2) 20 17
TkSemicolon 20 18
TkId("max") 21 8
TkAsig 21 12
TkId("F") 21 15
TkApp 21 16
TkNum(0) 21 17
TkFi 22 5
TkCBlock 24 1
