TkOBlock 1 1
TkInt 2 5
TkId("i") 2 9
TkComma 2 10
TkId("max") 2 12
TkSemicolon 2 15
TkBool 3 5
TkId("itIs") 3 10
TkSemicolon 3 14
TkFunction 4 5
TkOBracket 4 13
TkSoForth 4 14
TkNum(5) 4 16
TkCBracket 4 17
TkId("F") 4 19
TkSemicolon 4 20
TkId("itIs") 6 5
TkAsig 6 10
TkFalse 6 13
TkSemicolon 6 18
TkId("i") 7 5
TkAsig 7 7
TkNum(0) 7 10
TkSemicolon 7 11
TkWhile 8 5
TkId("i") 8 11
TkLeq 8 13
TkNum(5) 8 16
TkAnd 8 18
TkNot 8 22
TkId("itIs") 8 23
TkArrow 8 28
TkId("itIs") 9 8
TkAsig 9 13
TkId("F") 9 16
TkApp 9 17
TkId("i") 9 18
TkEqual 9 20
TkNum(10) 9 23
TkSemicolon 9 25
TkId("i") 10 8
TkAsig 10 10
TkId("i") 10 13
TkPlus 10 14
TkNum(1) 10 15
TkEnd 11 5
TkCBlock 13 1
