TkOBlock 1 1
TkInt 2 5
TkId("max_") 2 9
TkComma 2 13
TkId("_") 2 15
TkSemicolon 2 16
TkFunction 3 5
TkOBracket 3 13
TkSoForth 3 14
TkNum(5) 3 16
TkCBracket 3 17
TkId("F") 3 19
TkSemicolon 3 20
TkId("max_") 5 5
TkAsig 5 10
TkId("F") 5 13
TkApp 5 14
TkNum(0) 5 15
TkSemicolon 5 16
TkId("_") 6 5
TkAsig 6 7
TkNum(1) 6 10
TkSemicolon 6 11
TkWhile 7 5
TkId("_") 7 11
TkLeq 7 13
TkNum(5) 7 16
TkArrow 7 19
TkIf 8 8
TkId("max_") 8 11
TkLess 8 16
TkId("F") 8 18
TkApp 8 19
TkId("_") 8 20
TkArrow 8 22
TkId("max_") 9 11
TkAsig 9 16
TkId("F") 9 19
TkApp 9 20
TkId("_") 9 21
TkGuard 10 8
TkId("max_") 10 11
TkGeq 10 16
TkId("F") 10 19
TkApp 10 20
TkId("_") 10 21
TkArrow 10 23
TkSkip 11 11
TkFi 12 8
TkSemicolon 12 10
TkId("_") 13 8
TkAsig 13 10
TkId("_") 13 13
TkPlus 13 15
TkNum(1) 13 17
TkSemicolon 13 18
TkEnd 14 5
TkCBlock 16 1
