TkOBlock 1 1
TkFunction 2 5
TkOBracket 2 13
TkSoForth 2 14
TkNum(2) 2 16
TkCBracket 2 17
TkId("_F") 2 19
TkSemicolon 2 21
TkId("_F") 4 5
TkAsig 4 8
TkNum(1) 4 11
TkComma 4 12
TkNum(2) 4 14
TkComma 4 15
TkNum(4) 4 17
TkSemicolon 4 18
TkPrint 5 5
TkString("First: ") 5 11
TkPlus 5 21
TkId("_F") 5 23
TkApp 5 25
TkNum(0) 5 26
TkPlus 5 28
TkString("\nSecond: ") 5 30
TkPlus 5 43
TkId("_F") 5 45
TkApp 5 47
TkNum(1) 5 48
TkPlus 5 50
TkString("\nThird: ") 5 52
TkPlus 5 64
TkId("_F") 5 66
TkApp 5 68
TkNum(2) 5 69
TkCBlock 7 1
